<?xml version="1.0" encoding="UTF-8"?>
<!-- Generated by org.testng.reporters.JUnitReportReporter -->
<testsuite hostname="DESKTOP-U704183" failures="0" tests="3" name="magentoTestcases.myTestCases" time="23.716" errors="0" timestamp="2023-12-04T16:06:20 PST" skipped="0">
  <testcase classname="magentoTestcases.myTestCases" name="SignTestCase" time="8.250"/>
  <system-out/>
  <testcase classname="magentoTestcases.myTestCases" name="LogOutTest" time="9.432"/>
  <system-out/>
  <testcase classname="magentoTestcases.myTestCases" name="LogInTest" time="6.034"/>
  <system-out/>
</testsuite> <!-- magentoTestcases.myTestCases -->
